make.exe all --print-data-base --no-builtin-variables --no-builtin-rules --question
# GNU Make 3.81
# Copyright (C) 2006  Free Software Foundation, Inc.
# This is free software; see the source for copying conditions.
# There is NO warranty; not even for MERCHANTABILITY or FITNESS FOR A
# PARTICULAR PURPOSE.

# This program built for i386-pc-mingw32
 

# Make data base, printed on Wed Jun 01 08:29:28 2022

# Variables

# automatic
<D = $(patsubst %/,%,$(dir $<))
# automatic
?F = $(notdir $?)
# makefile
MAKEFLAGS = Rrqp
# environment
VSCODE_LOG_NATIVE = false
# automatic
?D = $(patsubst %/,%,$(dir $?))
# automatic
@D = $(patsubst %/,%,$(dir $@))
# environment
HOMEDRIVE = C:
# automatic
@F = $(notdir $@)
# automatic
^D = $(patsubst %/,%,$(dir $^))
# makefile
CURDIR := c:/Users/andya/Desktop/h0r.net
# default
SHELL := sh.exe
# environment
WINDIR = C:\Windows
# environment
VSCODE_NLS_CONFIG = {"locale":"en-us","availableLanguages":{},"_languagePackSupport":true}
# environment
VBOX_MSI_INSTALL_PATH = C:\Program Files\Oracle\VirtualBox\
# environment
ONEDRIVE = C:\Users\andya\OneDrive
# environment
PATHEXT = .COM;.EXE;.BAT;.CMD;.VBS;.VBE;.JS;.JSE;.WSF;.WSH;.MSC
# makefile (from `makefile', line 1)
MAKEFILE_LIST :=  makefile
# environment
TMP = C:\Users\andya\AppData\Local\Temp
# environment
VSCODE_VERBOSE_LOGGING = true
# environment
PROGRAMW6432 = C:\Program Files
# environment
PROGRAMDATA = C:\ProgramData
# environment
VSCODE_IPC_HOOK_EXTHOST = \\.\pipe\vscode-ipc-2998d736-685a-43ed-91b3-f25e0e91000b-sock
# environment
VSCODE_CWD = C:\Users\andya\Desktop\h0r.net
# environment
PATH = C:\Program Files (x86)\VMware\VMware Player\bin\;C:\Windows\system32;C:\Windows;C:\Windows\System32\Wbem;C:\Windows\System32\WindowsPowerShell\v1.0\;C:\Windows\System32\OpenSSH\;C:\Users\andya\AppData\Local\Programs\Microsoft VS Code Insiders;C:\Program Files\dotnet\;C:\Program Files (x86)\VMware\VMware Player;C:\Program Files\Oracle\VirtualBox;C:\Users\andya\AppData\Local\bin\NASM;C:\Program Files\qemu\;C:\Windows\System32\bin;C:\Program Files (x86)\GnuWin32\bin;C:\Program Files\Bochs-2.7;C:\MinGW\bin;C:\HashiCorp\Vagrant\bin;C:\Program Files\Git\cmd;C:\Users\andya\AppData\Local\Programs\Python\Python310\Scripts\;C:\Users\andya\AppData\Local\Programs\Python\Python310\;C:\Users\andya\AppData\Local\Microsoft\WindowsApps;;C:\Users\andya\.dotnet\tools;C:\Users\andya\AppData\Local\Programs 
\Microsoft VS Code Insiders\bin
# environment
COMMONPROGRAMW6432 = C:\Program Files\Common Files
# environment
PROCESSOR_ARCHITECTURE = x86
# environment
USERPROFILE = C:\Users\andya
# environment
ALLUSERSPROFILE = C:\ProgramData
# environment
VSCODE_LOG_STACK = true
# environment
NUMBER_OF_PROCESSORS = 4
# environment
ELECTRON_RUN_AS_NODE = 1
# default
.FEATURES := target-specific order-only second-expansion else-if archives
# automatic
%F = $(notdir $%)
# environment
CHROME_CRASHPAD_PIPE_NAME = \\.\pipe\crashpad_10408_DDJICOAYXDLAMOCV
# environment
VSCODE_PIPE_LOGGING = true
# environment
COMPUTERNAME = REVOLVINGPC
# environment
PROGRAMFILES = C:\Program Files (x86)
# environment
DRIVERDATA = C:\Windows\System32\Drivers\DriverData
# environment
ORIGINAL_XDG_CURRENT_DESKTOP = undefined
# environment
USERNAME = andya
# environment
PUBLIC = C:\Users\Public
# environment
VSCODE_AMD_ENTRYPOINT = vs/workbench/api/node/extensionHostProcess
# environment
VSCODE_CODE_CACHE_PATH = C:\Users\andya\AppData\Roaming\Code - Insiders\CachedData\acb156d6fb0dc451f427748d5f68774f17cc96fd
# environment
APPLICATION_INSIGHTS_NO_DIAGNOSTIC_CHANNEL = 1
# environment
COMMONPROGRAMFILES = C:\Program Files (x86)\Common Files
# environment
LOGONSERVER = \\REVOLVINGPC
# environment
ONEDRIVECONSUMER = C:\Users\andya\OneDrive
# environment
VSCODE_HANDLES_UNCAUGHT_ERRORS = true
# environment
USERDOMAIN = REVOLVINGPC
# default
MAKE = $(MAKE_COMMAND)
# default
MAKECMDGOALS := all
# default
MAKE_VERSION := 3.81
# makefile
.DEFAULT_GOAL := all
# environment
PROGRAMFILES(X86) = C:\Program Files (x86)
# automatic
%D = $(patsubst %/,%,$(dir $%))
# environment
LOCALAPPDATA = C:\Users\andya\AppData\Local
# environment
PSMODULEPATH = C:\Program Files\WindowsPowerShell\Modules;C:\Windows\system32\WindowsPowerShell\v1.0\Modules
# default
MAKE_COMMAND := make.exe
# environment
PROCESSOR_ARCHITEW6432 = AMD64
# default
.VARIABLES := 
# automatic
*F = $(notdir $*)
# environment
PROCESSOR_IDENTIFIER = Intel64 Family 6 Model 58 Stepping 9, GenuineIntel
# environment
OS = Windows_NT
# environment
VSCODE_IPC_HOOK = \\.\pipe\6b1fe1644dd34f01c4e1e3a0a66c13bb-1.68.0-insider-main-sock
# environment
HOMEPATH = \Users\andya
# environment
COMMONPROGRAMFILES(X86) = C:\Program Files (x86)\Common Files
# environment
PROMPT = $P$G
# environment
MFLAGS = -Rrqp
# automatic
*D = $(patsubst %/,%,$(dir $*))
# environment
SYSTEMROOT = C:\Windows
# automatic
+D = $(patsubst %/,%,$(dir $+))
# automatic
+F = $(notdir $+)
# environment
APPDATA = C:\Users\andya\AppData\Roaming
# environment
TEMP = C:\Users\andya\AppData\Local\Temp
# environment
COMSPEC = C:\Windows\system32\cmd.exe
# default
MAKEFILES := 
# automatic
<F = $(notdir $<)
# environment
LC_ALL = C
# automatic
^F = $(notdir $^)
# default
SUFFIXES := 
# environment
SYSTEMDRIVE = C:
# environment
SESSIONNAME = Console
# environment
PROCESSOR_REVISION = 3a09
# environment
MAKELEVEL := 0
# environment
LANG = C
# environment
PROCESSOR_LEVEL = 6
# environment
VSCODE_PID = 10408
# environment
USERDOMAIN_ROAMINGPROFILE = REVOLVINGPC
# variable set hash-table stats:
# Load=88/1024=9%, Rehash=0, Collisions=9/110=8%

# Pattern-specific Variable Values

# No pattern-specific variable values.

# Directories

# : could not be stat'd.
# C:\Program Files\qemu\ (key C:/Program Files/qemu/, mtime 1653776732): 156 files, no impossibilities.
# C:\Program Files (x86)\VMware\VMware Player (key C:/Program Files (x86)/VMware/VMware Player, mtime 1653489712): 115 files, no impossibilities.
# C:\Windows\System32\WindowsPowerShell\v1.0\ (key C:/Windows/Sys 
tem32/WindowsPowerShell/v1.0/, mtime 1622903042): 30 files, no impossibilities.
# C:\Windows\System32\Wbem (key C:/Windows/System32/Wbem, mtime 1653715417): 170 files, no impossibilities.
# . (key c:/Users/andya/Desktop/h0r.net, mtime 1654090167): 17 files, no impossibilities.
# C:\Users\andya\AppData\Local\Programs\Microsoft VS Code Insiders (key C:/Users/andya/AppData/Local/Programs/Microsoft VS Code Insiders, mtime 1654090143): 27 files, no impossibilities.
# C:\Program Files\Bochs-2.7 (key C:/Program Files/Bochs-2.7, mtime 1653855715): 40 files, no impossibilities.
# C:\Program Files\dotnet\ (key C:/Program Files/dotnet/, mtime 1653445092): 10 files, no impossibilities.
# C:\MinGW\bin (key C:/MinGW/bin, mtime 1653778960): 144 files, no impossibilities.
# C:\Windows\System32\OpenSSH\: could not be stat'd.
# C:\Users\andya\AppData\Local\Programs\Python\Python310\ (key C:/Users/andya/AppData/Local/Programs/Python/Python310/, mtime 1653417921): 18 files, no impossibilities.
# C:\Users\andya\AppData\Local\bin\NASM (key C:/Users/andya/AppData/Local/bin/NASM, mtime 1653776440): 18 files, no impossibilities.
# C:\Windows\System32\bin: could not be stat'd.
# C:\Users\andya\AppData\Local\Programs\Python\Python310\Scripts\ (key C:/Users/andya/AppData/Local/Programs/Python/Python310/Scripts/, mtime 1653677586): 7 files, no impossibilities.
# C:\Windows (key C:/Windows, mtime 1654051646): 114 files, no impossibilities.
# C:\Users\andya\AppData\Local\Programs\Microsoft VS Code Insiders\bin (key C:/Users/andya/AppData/Local/Programs/Microsoft VS Code Insiders/bin, mtime 1654003791): 4 files, no impossibilities.
# C:\Users\andya\.dotnet\tools: could not be stat'd.
# C:\Program Files\Oracle\VirtualBox (key C:/Program Files/Oracle/VirtualBox, mtime 1653504460): 66 files, no impossibilities.
# C:\Program Files\Git\cmd (key C:/Program Files/Git/cmd, mtime 1654035557): 7 files, no impossibilities.
# C:\Windows\system32 (key C:/Windows/system32, mtime 1654090009): 2873 files, no impossibilities.
# C:\Program Files (x86)\VMware\VMware Player\bin\ (key C:/Program Files (x86)/VMware/VMware Player/bin/, mtime 1653489713): 4 files, no impossibilities.
# C:\Users\andya\AppData\Local\Microsoft\WindowsApps (key C:/Users/andya/AppData/Local/Microsoft/WindowsApps, mtime 1653876178): 26 files, no impossibilities.
# C:\HashiCorp\Vagrant\bin (key C:/HashiCorp/Vagrant/bin, mtime 1654023497): 3 files, no impossibilities.
# C:\Program Files (x86)\GnuWin32\bin (key C:/Program Files (x86)/GnuWin32/bin, mtime 1653854817): 5 files, no impossibilities.
 

# 3854 files, no impossibilities in 25 directories.

# Implicit Rules

# No implicit rules.

# Files

all:
#  Command-line target.
#  Implicit rule search has not been done.
#  Implicit/static pattern stem: `'
#  File does not exist.
#  File has been updated.
#  Needs to be updated (-q is set).
# automatic
# @ := all
# automatic
# % := 
# automatic
# * := 
# automatic
# + := 
# automatic
# | := 
# automatic
# < := 
# automatic
# ^ := 
# automatic
# ? := 
# variable set hash-table stats:
# Load=8/32=25%, Rehash=0, Collisions=1/10=10%
#  commands to execute (from `makefile', line 5):
	cd boot/stage1 && make && cd .. && cd ..
	cd boot/stage2 && make && cd .. && cd ..
	cd kernel && make && cd .. 
	rm os.img
	dd if=/dev/zero of=os.img bs=512 count=2880
	mkfs.fat -F 12 -n "NBOS" os.img
	dd if=bin/boot.bin of=os.img conv=notrunc
	mcopy -i os.img bin/stage2.bin "::stage2.bin"
	mcopy -i os.img bin/kernel.bin "::kernel.bin"
	

# Not a target:
.DEFAULT:
#  Implicit rule search has not been done.
#  Modification time never checked.
#  File has not been updated.

# Not a target:
makefile:
#  Implicit rule search has been done.
#  Last modified 2022-06-01 08:28:21
#  File has been updated.
#  Successfully updated.
# variable set hash-table stats:
# Load=0/32=0%, Rehash=0, Collisions=0/0=0%

# Not a target:
.SUFFIXES:
#  Implicit rule search has not been done.
#  Modification time never checked.
#  File has not been updated.

never:
#  Implicit rule search has not been done.
#  Modification time never checked.
#  File has not been updated.
#  commands to execute (from `makefile', line 20):
	ld -T link.ld
	nasm -f bin -o kernel.bin boot/kernel.asm
	nasm -f bin -o kernel.bin boot/zeroes.asm
	gcc -o kernel.o -c kernel.c
	ld -T link.ld
	

# files hash-table stats:
# Load=5/1024=0%, Rehash=0, Collisions=0/18=0%
# VPATH Search Paths

# No `vpath' search paths.

# No general (`VPATH' variable) search path.

# # of strings in strcache: 1
# # of strcache buffers: 1
# strcache size: total = 4096 / max = 4096 / min = 4096 / avg = 4096
# strcache free: total = 4087 / max = 4087 / min = 4087 / avg = 4087

# Finished Make data base on Wed Jun 01 08:29:28 2022

 
